<?xml version="1.0" encoding="UTF-8"?>
<!-- Generated by org.testng.reporters.JUnitReportReporter -->
<testsuite hostname="KAAL" failures="0" tests="3" name="com.Ecommerce.InstaSnap.ProductTest.VerifyElectronicProduct" time="0.018" errors="0" timestamp="2024-11-14T14:03:05 IST" skipped="0">
  <testcase classname="com.Ecommerce.InstaSnap.ProductTest.VerifyElectronicProduct" name="createProduct" time="0.013">
    <system-out>
      <![CDATA[Electronic Product Created]]>
    </system-out>
  </testcase> <!-- createProduct -->
  <testcase classname="com.Ecommerce.InstaSnap.ProductTest.VerifyElectronicProduct" name="updateProduct" time="0.002">
    <system-out>
      <![CDATA[Electronic Product Updated]]>
    </system-out>
  </testcase> <!-- updateProduct -->
  <testcase classname="com.Ecommerce.InstaSnap.ProductTest.VerifyElectronicProduct" name="updateProduct" time="0.003">
    <system-out>
      <![CDATA[Electronic Product Updated]]>
    </system-out>
  </testcase> <!-- updateProduct -->
  <system-out>
    <![CDATA[Browser Launched Succesfully
Login Successful
Electronic Product Created
Log out Successful
Login Successful
Electronic Product Updated
Log out Successful
Login Successful
Electronic Product Updated
Log out Successful
Browser Closed Succesfully
Browser Launched Succesfully
Login Successful
Kids Product Created
Log out Successful
Login Successful
Kids Product Updated
Log out Successful
Login Successful
Kids Product Updated
Log out Successful
Browser Closed Succesfully]]>
  </system-out>
</testsuite> <!-- com.Ecommerce.InstaSnap.ProductTest.VerifyElectronicProduct -->
